I0217 17:08:29.199278  7932 caffe.cpp:210] Use CPU.
I0217 17:08:29.199683  7932 solver.cpp:48] Initializing solver from parameters: 
test_iter: 100
test_interval: 1000
base_lr: 0.01
display: 20
max_iter: 90000
lr_policy: "preset"
momentum: 0.5
weight_decay: 0.001
snapshot: 1000
snapshot_prefix: "examples/cifar10/apl_trail5/snapshot/"
solver_mode: CPU
net: "examples/cifar10/apl_trail5/cifar10_Srivastavaet_APL_train_test.prototxt"
train_state {
  level: 0
  stage: ""
}
momentum_change_steps: 10000
lr: 0.01
lr: 0.001
lr: 0.0001
lr: 1e-05
lr_change: 60000
lr_change: 80000
lr_change: 85000
lr_change: 90000
max_momentum: 0.9
I0217 17:08:29.199936  7932 solver.cpp:95] Creating training net from net file: examples/cifar10/apl_trail5/cifar10_Srivastavaet_APL_train_test.prototxt
I0217 17:08:29.200716  7932 net.cpp:322] The NetState phase (0) differed from the phase (1) specified by a rule in layer cifar
I0217 17:08:29.201004  7932 net.cpp:58] Initializing net from parameters: 
name: "CIFAR10_full"
state {
  phase: TRAIN
  level: 0
  stage: ""
}
layer {
  name: "cifar"
  type: "Data"
  top: "data"
  top: "label"
  include {
    phase: TRAIN
  }
  transform_param {
    mean_file: "examples/cifar10/mean.binaryproto"
  }
  data_param {
    source: "examples/cifar10/cifar10_train_lmdb"
    batch_size: 100
    mirror: true
    backend: LMDB
  }
}
layer {
  name: "conv1"
  type: "Convolution"
  bottom: "data"
  top: "conv1"
  convolution_param {
    num_output: 96
    pad: 2
    kernel_size: 5
    weight_filler {
      type: "gaussian"
      std: 0.0001
    }
    bias_filler {
      type: "constant"
    }
  }
}
layer {
  name: "apl1"
  type: "APL"
  bottom: "conv1"
  top: "conv1"
  apl_param {
    sums: 5
    slope_filler {
      type: "uniform"
      min: -0.5
      max: 0.5
    }
    offset_filler {
      type: "gaussian"
      std: 0.5
    }
  }
}
layer {
  name: "drop1_c"
  type: "Dropout"
  bottom: "conv1"
  top: "conv1"
  dropout_param {
    dropout_ratio: 0.25
  }
}
layer {
  name: "pool1"
  type: "Pooling"
  bottom: "conv1"
  top: "pool1"
  pooling_param {
    pool: MAX
    kernel_size: 3
    stride: 2
  }
}
layer {
  name: "drop1"
  type: "Dropout"
  bottom: "pool1"
  top: "pool1_d"
  dropout_param {
    dropout_ratio: 0.25
  }
}
layer {
  name: "conv2"
  type: "Convolution"
  bottom: "pool1_d"
  top: "conv2"
  convolution_param {
    num_output: 128
    pad: 2
    kernel_size: 5
    weight_filler {
      type: "gaussian"
      std: 0.01
    }
    bias_filler {
      type: "constant"
    }
  }
}
layer {
  name: "apl2"
  type: "APL"
  bottom: "conv2"
  top: "conv2"
  apl_param {
    sums: 5
    slope_filler {
      type: "uniform"
      min: -0.5
      max: 0.5
    }
    offset_filler {
      type: "gaussian"
      std: 0.5
    }
  }
}
layer {
  name: "drop2_c"
  type: "Dropout"
  bottom: "conv2"
  top: "conv2"
  dropout_param {
    dropout_ratio: 0.25
  }
}
layer {
  name: "pool2"
  type: "Pooling"
  bottom: "conv2"
  top: "pool2"
  pooling_param {
    pool: AVE
    kernel_size: 3
    stride: 2
  }
}
layer {
  name: "drop2"
  type: "Dropout"
  bottom: "pool2"
  top: "pool2_d"
  dropout_param {
    dropout_ratio: 0.25
  }
}
layer {
  name: "conv3"
  type: "Convolution"
  bottom: "pool2_d"
  top: "conv3"
  convolution_param {
    num_output: 256
    pad: 2
    kernel_size: 5
    weight_filler {
      type: "gaussian"
      std: 0.01
    }
    bias_filler {
      type: "constant"
    }
  }
}
layer {
  name: "apl3"
  type: "APL"
  bottom: "conv3"
  top: "conv3"
  apl_param {
    sums: 5
    slope_filler {
      type: "uniform"
      min: -0.5
      max: 0.5
    }
    offset_filler {
      type: "gaussian"
      std: 0.5
    }
  }
}
layer {
  name: "drop3_c"
  type: "Dropout"
  bottom: "conv3"
  top: "conv3"
  dropout_param {
    dropout_ratio: 0.25
  }
}
layer {
  name: "pool3"
  type: "Pooling"
  bottom: "conv3"
  top: "pool3"
  pooling_param {
    pool: AVE
    kernel_size: 3
    stride: 2
  }
}
layer {
  name: "drop3"
  type: "Dropout"
  bottom: "pool3"
  top: "pool3_d"
  dropout_param {
    dropout_ratio: 0.5
  }
}
layer {
  name: "ip1"
  type: "InnerProduct"
  bottom: "pool3_d"
  top: "ip1"
  inner_product_param {
    num_output: 2048
    weight_filler {
      type: "gaussian"
      std: 0.01
    }
    bias_filler {
      type: "constant"
    }
  }
}
layer {
  name: "apl4"
  type: "APL"
  bottom: "ip1"
  top: "ip1"
  apl_param {
    sums: 5
    slope_filler {
      type: "uniform"
      min: -0.5
      max: 0.5
    }
    offset_filler {
      type: "gaussian"
      std: 0.5
    }
  }
}
layer {
  name: "dropip1"
  type: "Dropout"
  bottom: "ip1"
  top: "ip1"
  dropout_param {
    dropout_ratio: 0.5
  }
}
layer {
  name: "ip2"
  type: "InnerProduct"
  bottom: "ip1"
  top: "ip2"
  inner_product_param {
    num_output: 2048
    weight_filler {
      type: "gaussian"
      std: 0.01
    }
    bias_filler {
      type: "constant"
    }
  }
}
layer {
  name: "apl5"
  type: "APL"
  bottom: "ip2"
  top: "ip2"
  apl_param {
    sums: 5
    slope_filler {
      type: "uniform"
      min: -0.5
      max: 0.5
    }
    offset_filler {
      type: "gaussian"
      std: 0.5
    }
  }
}
layer {
  name: "dropip2"
  type: "Dropout"
  bottom: "ip2"
  top: "ip2"
  dropout_param {
    dropout_ratio: 0.5
  }
}
layer {
  name: "ip3"
  type: "InnerProduct"
  bottom: "ip2"
  top: "ip3"
  inner_product_param {
    num_output: 10
    weight_filler {
      type: "gaussian"
      std: 0.01
    }
    bias_filler {
      type: "constant"
    }
  }
}
layer {
  name: "accuracy"
  type: "Accuracy"
  bottom: "ip3"
  bottom: "label"
  top: "accuracy"
}
layer {
  name: "loss"
  type: "SoftmaxWithLoss"
  bottom: "ip3"
  bottom: "label"
  top: "loss"
}
I0217 17:08:29.202497  7932 layer_factory.hpp:77] Creating layer cifar
I0217 17:08:29.203402  7932 net.cpp:100] Creating Layer cifar
I0217 17:08:29.203459  7932 net.cpp:408] cifar -> data
I0217 17:08:29.203511  7932 net.cpp:408] cifar -> label
I0217 17:08:29.203595  7932 data_transformer.cpp:25] Loading mean file from: examples/cifar10/mean.binaryproto
I0217 17:08:29.204149  7949 db_lmdb.cpp:35] Opened lmdb examples/cifar10/cifar10_train_lmdb
I0217 17:08:29.204500  7932 data_layer.cpp:41] output data size: 100,3,32,32
I0217 17:08:29.209506  7932 net.cpp:150] Setting up cifar
I0217 17:08:29.209652  7932 net.cpp:157] Top shape: 100 3 32 32 (307200)
I0217 17:08:29.209754  7932 net.cpp:157] Top shape: 100 (100)
I0217 17:08:29.209847  7932 net.cpp:165] Memory required for data: 1229200
I0217 17:08:29.209945  7932 layer_factory.hpp:77] Creating layer label_cifar_1_split
I0217 17:08:29.210047  7932 net.cpp:100] Creating Layer label_cifar_1_split
I0217 17:08:29.210137  7932 net.cpp:434] label_cifar_1_split <- label
I0217 17:08:29.210243  7932 net.cpp:408] label_cifar_1_split -> label_cifar_1_split_0
I0217 17:08:29.210357  7932 net.cpp:408] label_cifar_1_split -> label_cifar_1_split_1
I0217 17:08:29.210471  7932 net.cpp:150] Setting up label_cifar_1_split
I0217 17:08:29.210572  7932 net.cpp:157] Top shape: 100 (100)
I0217 17:08:29.210649  7932 net.cpp:157] Top shape: 100 (100)
I0217 17:08:29.210722  7932 net.cpp:165] Memory required for data: 1230000
I0217 17:08:29.210814  7932 layer_factory.hpp:77] Creating layer conv1
I0217 17:08:29.210914  7932 net.cpp:100] Creating Layer conv1
I0217 17:08:29.211063  7932 net.cpp:434] conv1 <- data
I0217 17:08:29.211154  7932 net.cpp:408] conv1 -> conv1
I0217 17:08:29.211588  7932 net.cpp:150] Setting up conv1
I0217 17:08:29.211679  7932 net.cpp:157] Top shape: 100 96 32 32 (9830400)
I0217 17:08:29.211771  7932 net.cpp:165] Memory required for data: 40551600
I0217 17:08:29.211870  7932 layer_factory.hpp:77] Creating layer apl1
I0217 17:08:29.211967  7932 net.cpp:100] Creating Layer apl1
I0217 17:08:29.212050  7932 net.cpp:434] apl1 <- conv1
I0217 17:08:29.212137  7932 net.cpp:395] apl1 -> conv1 (in-place)
I0217 17:08:29.237155  7932 apl_layer.cpp:96]  Sums: 5
I0217 17:08:29.237308  7932 net.cpp:150] Setting up apl1
I0217 17:08:29.237440  7932 net.cpp:157] Top shape: 100 96 32 32 (9830400)
I0217 17:08:29.237545  7932 net.cpp:165] Memory required for data: 79873200
I0217 17:08:29.237658  7932 layer_factory.hpp:77] Creating layer drop1_c
I0217 17:08:29.237777  7932 net.cpp:100] Creating Layer drop1_c
I0217 17:08:29.237900  7932 net.cpp:434] drop1_c <- conv1
I0217 17:08:29.238004  7932 net.cpp:395] drop1_c -> conv1 (in-place)
I0217 17:08:29.238118  7932 net.cpp:150] Setting up drop1_c
I0217 17:08:29.238225  7932 net.cpp:157] Top shape: 100 96 32 32 (9830400)
I0217 17:08:29.238330  7932 net.cpp:165] Memory required for data: 119194800
I0217 17:08:29.238430  7932 layer_factory.hpp:77] Creating layer pool1
I0217 17:08:29.238539  7932 net.cpp:100] Creating Layer pool1
I0217 17:08:29.238641  7932 net.cpp:434] pool1 <- conv1
I0217 17:08:29.238744  7932 net.cpp:408] pool1 -> pool1
I0217 17:08:29.238865  7932 net.cpp:150] Setting up pool1
I0217 17:08:29.238972  7932 net.cpp:157] Top shape: 100 96 16 16 (2457600)
I0217 17:08:29.239104  7932 net.cpp:165] Memory required for data: 129025200
I0217 17:08:29.239204  7932 layer_factory.hpp:77] Creating layer drop1
I0217 17:08:29.239307  7932 net.cpp:100] Creating Layer drop1
I0217 17:08:29.239408  7932 net.cpp:434] drop1 <- pool1
I0217 17:08:29.239511  7932 net.cpp:408] drop1 -> pool1_d
I0217 17:08:29.239619  7932 net.cpp:150] Setting up drop1
I0217 17:08:29.239722  7932 net.cpp:157] Top shape: 100 96 16 16 (2457600)
I0217 17:08:29.239820  7932 net.cpp:165] Memory required for data: 138855600
I0217 17:08:29.239920  7932 layer_factory.hpp:77] Creating layer conv2
I0217 17:08:29.240031  7932 net.cpp:100] Creating Layer conv2
I0217 17:08:29.240136  7932 net.cpp:434] conv2 <- pool1_d
I0217 17:08:29.240241  7932 net.cpp:408] conv2 -> conv2
I0217 17:08:29.252811  7932 net.cpp:150] Setting up conv2
I0217 17:08:29.252936  7932 net.cpp:157] Top shape: 100 128 16 16 (3276800)
I0217 17:08:29.253041  7932 net.cpp:165] Memory required for data: 151962800
I0217 17:08:29.253147  7932 layer_factory.hpp:77] Creating layer apl2
I0217 17:08:29.253260  7932 net.cpp:100] Creating Layer apl2
I0217 17:08:29.253362  7932 net.cpp:434] apl2 <- conv2
I0217 17:08:29.253464  7932 net.cpp:395] apl2 -> conv2 (in-place)
I0217 17:08:29.261850  7932 apl_layer.cpp:96]  Sums: 5
I0217 17:08:29.261972  7932 net.cpp:150] Setting up apl2
I0217 17:08:29.262073  7932 net.cpp:157] Top shape: 100 128 16 16 (3276800)
I0217 17:08:29.262168  7932 net.cpp:165] Memory required for data: 165070000
I0217 17:08:29.262272  7932 layer_factory.hpp:77] Creating layer drop2_c
I0217 17:08:29.262379  7932 net.cpp:100] Creating Layer drop2_c
I0217 17:08:29.262480  7932 net.cpp:434] drop2_c <- conv2
I0217 17:08:29.262580  7932 net.cpp:395] drop2_c -> conv2 (in-place)
I0217 17:08:29.262686  7932 net.cpp:150] Setting up drop2_c
I0217 17:08:29.262789  7932 net.cpp:157] Top shape: 100 128 16 16 (3276800)
I0217 17:08:29.262888  7932 net.cpp:165] Memory required for data: 178177200
I0217 17:08:29.263028  7932 layer_factory.hpp:77] Creating layer pool2
I0217 17:08:29.263134  7932 net.cpp:100] Creating Layer pool2
I0217 17:08:29.263232  7932 net.cpp:434] pool2 <- conv2
I0217 17:08:29.263340  7932 net.cpp:408] pool2 -> pool2
I0217 17:08:29.263447  7932 net.cpp:150] Setting up pool2
I0217 17:08:29.263550  7932 net.cpp:157] Top shape: 100 128 8 8 (819200)
I0217 17:08:29.263650  7932 net.cpp:165] Memory required for data: 181454000
I0217 17:08:29.263748  7932 layer_factory.hpp:77] Creating layer drop2
I0217 17:08:29.263850  7932 net.cpp:100] Creating Layer drop2
I0217 17:08:29.263954  7932 net.cpp:434] drop2 <- pool2
I0217 17:08:29.264055  7932 net.cpp:408] drop2 -> pool2_d
I0217 17:08:29.264158  7932 net.cpp:150] Setting up drop2
I0217 17:08:29.264259  7932 net.cpp:157] Top shape: 100 128 8 8 (819200)
I0217 17:08:29.264355  7932 net.cpp:165] Memory required for data: 184730800
I0217 17:08:29.264452  7932 layer_factory.hpp:77] Creating layer conv3
I0217 17:08:29.264557  7932 net.cpp:100] Creating Layer conv3
I0217 17:08:29.264659  7932 net.cpp:434] conv3 <- pool2_d
I0217 17:08:29.264765  7932 net.cpp:408] conv3 -> conv3
I0217 17:08:29.294196  7932 net.cpp:150] Setting up conv3
I0217 17:08:29.294216  7932 net.cpp:157] Top shape: 100 256 8 8 (1638400)
I0217 17:08:29.294220  7932 net.cpp:165] Memory required for data: 191284400
I0217 17:08:29.294255  7932 layer_factory.hpp:77] Creating layer apl3
I0217 17:08:29.294263  7932 net.cpp:100] Creating Layer apl3
I0217 17:08:29.294267  7932 net.cpp:434] apl3 <- conv3
I0217 17:08:29.294272  7932 net.cpp:395] apl3 -> conv3 (in-place)
I0217 17:08:29.297297  7932 apl_layer.cpp:96]  Sums: 5
I0217 17:08:29.297313  7932 net.cpp:150] Setting up apl3
I0217 17:08:29.297318  7932 net.cpp:157] Top shape: 100 256 8 8 (1638400)
I0217 17:08:29.297322  7932 net.cpp:165] Memory required for data: 197838000
I0217 17:08:29.297328  7932 layer_factory.hpp:77] Creating layer drop3_c
I0217 17:08:29.297334  7932 net.cpp:100] Creating Layer drop3_c
I0217 17:08:29.297338  7932 net.cpp:434] drop3_c <- conv3
I0217 17:08:29.297343  7932 net.cpp:395] drop3_c -> conv3 (in-place)
I0217 17:08:29.297349  7932 net.cpp:150] Setting up drop3_c
I0217 17:08:29.297353  7932 net.cpp:157] Top shape: 100 256 8 8 (1638400)
I0217 17:08:29.297358  7932 net.cpp:165] Memory required for data: 204391600
I0217 17:08:29.297360  7932 layer_factory.hpp:77] Creating layer pool3
I0217 17:08:29.297365  7932 net.cpp:100] Creating Layer pool3
I0217 17:08:29.297369  7932 net.cpp:434] pool3 <- conv3
I0217 17:08:29.297375  7932 net.cpp:408] pool3 -> pool3
I0217 17:08:29.297390  7932 net.cpp:150] Setting up pool3
I0217 17:08:29.297397  7932 net.cpp:157] Top shape: 100 256 4 4 (409600)
I0217 17:08:29.297401  7932 net.cpp:165] Memory required for data: 206030000
I0217 17:08:29.297405  7932 layer_factory.hpp:77] Creating layer drop3
I0217 17:08:29.297411  7932 net.cpp:100] Creating Layer drop3
I0217 17:08:29.297415  7932 net.cpp:434] drop3 <- pool3
I0217 17:08:29.297420  7932 net.cpp:408] drop3 -> pool3_d
I0217 17:08:29.297425  7932 net.cpp:150] Setting up drop3
I0217 17:08:29.297430  7932 net.cpp:157] Top shape: 100 256 4 4 (409600)
I0217 17:08:29.297433  7932 net.cpp:165] Memory required for data: 207668400
I0217 17:08:29.297437  7932 layer_factory.hpp:77] Creating layer ip1
I0217 17:08:29.297456  7932 net.cpp:100] Creating Layer ip1
I0217 17:08:29.297461  7932 net.cpp:434] ip1 <- pool3_d
I0217 17:08:29.297466  7932 net.cpp:408] ip1 -> ip1
I0217 17:08:29.534832  7932 net.cpp:150] Setting up ip1
I0217 17:08:29.534884  7932 net.cpp:157] Top shape: 100 2048 (204800)
I0217 17:08:29.534888  7932 net.cpp:165] Memory required for data: 208487600
I0217 17:08:29.534905  7932 layer_factory.hpp:77] Creating layer apl4
I0217 17:08:29.534929  7932 net.cpp:100] Creating Layer apl4
I0217 17:08:29.534948  7932 net.cpp:434] apl4 <- ip1
I0217 17:08:29.534957  7932 net.cpp:395] apl4 -> ip1 (in-place)
I0217 17:08:29.535336  7932 apl_layer.cpp:96]  Sums: 5
I0217 17:08:29.535343  7932 net.cpp:150] Setting up apl4
I0217 17:08:29.535347  7932 net.cpp:157] Top shape: 100 2048 (204800)
I0217 17:08:29.535351  7932 net.cpp:165] Memory required for data: 209306800
I0217 17:08:29.535357  7932 layer_factory.hpp:77] Creating layer dropip1
I0217 17:08:29.535364  7932 net.cpp:100] Creating Layer dropip1
I0217 17:08:29.535367  7932 net.cpp:434] dropip1 <- ip1
I0217 17:08:29.535373  7932 net.cpp:395] dropip1 -> ip1 (in-place)
I0217 17:08:29.535379  7932 net.cpp:150] Setting up dropip1
I0217 17:08:29.535392  7932 net.cpp:157] Top shape: 100 2048 (204800)
I0217 17:08:29.535395  7932 net.cpp:165] Memory required for data: 210126000
I0217 17:08:29.535398  7932 layer_factory.hpp:77] Creating layer ip2
I0217 17:08:29.535405  7932 net.cpp:100] Creating Layer ip2
I0217 17:08:29.535419  7932 net.cpp:434] ip2 <- ip1
I0217 17:08:29.535424  7932 net.cpp:408] ip2 -> ip2
I0217 17:08:29.639519  7932 net.cpp:150] Setting up ip2
I0217 17:08:29.639560  7932 net.cpp:157] Top shape: 100 2048 (204800)
I0217 17:08:29.639564  7932 net.cpp:165] Memory required for data: 210945200
I0217 17:08:29.639585  7932 layer_factory.hpp:77] Creating layer apl5
I0217 17:08:29.639600  7932 net.cpp:100] Creating Layer apl5
I0217 17:08:29.639605  7932 net.cpp:434] apl5 <- ip2
I0217 17:08:29.639626  7932 net.cpp:395] apl5 -> ip2 (in-place)
I0217 17:08:29.639991  7932 apl_layer.cpp:96]  Sums: 5
I0217 17:08:29.639997  7932 net.cpp:150] Setting up apl5
I0217 17:08:29.640019  7932 net.cpp:157] Top shape: 100 2048 (204800)
I0217 17:08:29.640023  7932 net.cpp:165] Memory required for data: 211764400
I0217 17:08:29.640028  7932 layer_factory.hpp:77] Creating layer dropip2
I0217 17:08:29.640035  7932 net.cpp:100] Creating Layer dropip2
I0217 17:08:29.640046  7932 net.cpp:434] dropip2 <- ip2
I0217 17:08:29.640051  7932 net.cpp:395] dropip2 -> ip2 (in-place)
I0217 17:08:29.640058  7932 net.cpp:150] Setting up dropip2
I0217 17:08:29.640061  7932 net.cpp:157] Top shape: 100 2048 (204800)
I0217 17:08:29.640064  7932 net.cpp:165] Memory required for data: 212583600
I0217 17:08:29.640067  7932 layer_factory.hpp:77] Creating layer ip3
I0217 17:08:29.640074  7932 net.cpp:100] Creating Layer ip3
I0217 17:08:29.640076  7932 net.cpp:434] ip3 <- ip2
I0217 17:08:29.640081  7932 net.cpp:408] ip3 -> ip3
I0217 17:08:29.640645  7932 net.cpp:150] Setting up ip3
I0217 17:08:29.640674  7932 net.cpp:157] Top shape: 100 10 (1000)
I0217 17:08:29.640677  7932 net.cpp:165] Memory required for data: 212587600
I0217 17:08:29.640682  7932 layer_factory.hpp:77] Creating layer ip3_ip3_0_split
I0217 17:08:29.640688  7932 net.cpp:100] Creating Layer ip3_ip3_0_split
I0217 17:08:29.640691  7932 net.cpp:434] ip3_ip3_0_split <- ip3
I0217 17:08:29.640697  7932 net.cpp:408] ip3_ip3_0_split -> ip3_ip3_0_split_0
I0217 17:08:29.640712  7932 net.cpp:408] ip3_ip3_0_split -> ip3_ip3_0_split_1
I0217 17:08:29.640719  7932 net.cpp:150] Setting up ip3_ip3_0_split
I0217 17:08:29.640727  7932 net.cpp:157] Top shape: 100 10 (1000)
I0217 17:08:29.640732  7932 net.cpp:157] Top shape: 100 10 (1000)
I0217 17:08:29.640734  7932 net.cpp:165] Memory required for data: 212595600
I0217 17:08:29.640738  7932 layer_factory.hpp:77] Creating layer accuracy
I0217 17:08:29.640753  7932 net.cpp:100] Creating Layer accuracy
I0217 17:08:29.640759  7932 net.cpp:434] accuracy <- ip3_ip3_0_split_0
I0217 17:08:29.640764  7932 net.cpp:434] accuracy <- label_cifar_1_split_0
I0217 17:08:29.640769  7932 net.cpp:408] accuracy -> accuracy
I0217 17:08:29.640784  7932 net.cpp:150] Setting up accuracy
I0217 17:08:29.640790  7932 net.cpp:157] Top shape: (1)
I0217 17:08:29.640794  7932 net.cpp:165] Memory required for data: 212595604
I0217 17:08:29.640796  7932 layer_factory.hpp:77] Creating layer loss
I0217 17:08:29.640803  7932 net.cpp:100] Creating Layer loss
I0217 17:08:29.640806  7932 net.cpp:434] loss <- ip3_ip3_0_split_1
I0217 17:08:29.640810  7932 net.cpp:434] loss <- label_cifar_1_split_1
I0217 17:08:29.640816  7932 net.cpp:408] loss -> loss
I0217 17:08:29.640833  7932 layer_factory.hpp:77] Creating layer loss
I0217 17:08:29.640851  7932 net.cpp:150] Setting up loss
I0217 17:08:29.640856  7932 net.cpp:157] Top shape: (1)
I0217 17:08:29.640859  7932 net.cpp:160]     with loss weight 1
I0217 17:08:29.640889  7932 net.cpp:165] Memory required for data: 212595608
I0217 17:08:29.640893  7932 net.cpp:226] loss needs backward computation.
I0217 17:08:29.640897  7932 net.cpp:228] accuracy does not need backward computation.
I0217 17:08:29.640902  7932 net.cpp:226] ip3_ip3_0_split needs backward computation.
I0217 17:08:29.640905  7932 net.cpp:226] ip3 needs backward computation.
I0217 17:08:29.640908  7932 net.cpp:226] dropip2 needs backward computation.
I0217 17:08:29.640911  7932 net.cpp:226] apl5 needs backward computation.
I0217 17:08:29.640914  7932 net.cpp:226] ip2 needs backward computation.
I0217 17:08:29.640918  7932 net.cpp:226] dropip1 needs backward computation.
I0217 17:08:29.640921  7932 net.cpp:226] apl4 needs backward computation.
I0217 17:08:29.640924  7932 net.cpp:226] ip1 needs backward computation.
I0217 17:08:29.640928  7932 net.cpp:226] drop3 needs backward computation.
I0217 17:08:29.640931  7932 net.cpp:226] pool3 needs backward computation.
I0217 17:08:29.640935  7932 net.cpp:226] drop3_c needs backward computation.
I0217 17:08:29.640938  7932 net.cpp:226] apl3 needs backward computation.
I0217 17:08:29.640943  7932 net.cpp:226] conv3 needs backward computation.
I0217 17:08:29.640945  7932 net.cpp:226] drop2 needs backward computation.
I0217 17:08:29.640965  7932 net.cpp:226] pool2 needs backward computation.
I0217 17:08:29.640969  7932 net.cpp:226] drop2_c needs backward computation.
I0217 17:08:29.640972  7932 net.cpp:226] apl2 needs backward computation.
I0217 17:08:29.640976  7932 net.cpp:226] conv2 needs backward computation.
I0217 17:08:29.640980  7932 net.cpp:226] drop1 needs backward computation.
I0217 17:08:29.640983  7932 net.cpp:226] pool1 needs backward computation.
I0217 17:08:29.640986  7932 net.cpp:226] drop1_c needs backward computation.
I0217 17:08:29.640990  7932 net.cpp:226] apl1 needs backward computation.
I0217 17:08:29.640993  7932 net.cpp:226] conv1 needs backward computation.
I0217 17:08:29.640997  7932 net.cpp:228] label_cifar_1_split does not need backward computation.
I0217 17:08:29.641002  7932 net.cpp:228] cifar does not need backward computation.
I0217 17:08:29.641005  7932 net.cpp:270] This network produces output accuracy
I0217 17:08:29.641008  7932 net.cpp:270] This network produces output loss
I0217 17:08:29.641026  7932 net.cpp:283] Network initialization done.
I0217 17:08:29.641487  7932 solver.cpp:185] Creating test net (#0) specified by net file: examples/cifar10/apl_trail5/cifar10_Srivastavaet_APL_train_test.prototxt
I0217 17:08:29.641528  7932 net.cpp:322] The NetState phase (1) differed from the phase (0) specified by a rule in layer cifar
I0217 17:08:29.641657  7932 net.cpp:58] Initializing net from parameters: 
name: "CIFAR10_full"
state {
  phase: TEST
}
layer {
  name: "cifar"
  type: "Data"
  top: "data"
  top: "label"
  include {
    phase: TEST
  }
  transform_param {
    mean_file: "examples/cifar10/mean.binaryproto"
  }
  data_param {
    source: "examples/cifar10/cifar10_test_lmdb"
    batch_size: 100
    backend: LMDB
  }
}
layer {
  name: "conv1"
  type: "Convolution"
  bottom: "data"
  top: "conv1"
  convolution_param {
    num_output: 96
    pad: 2
    kernel_size: 5
    weight_filler {
      type: "gaussian"
      std: 0.0001
    }
    bias_filler {
      type: "constant"
    }
  }
}
layer {
  name: "apl1"
  type: "APL"
  bottom: "conv1"
  top: "conv1"
  apl_param {
    sums: 5
    slope_filler {
      type: "uniform"
      min: -0.5
      max: 0.5
    }
    offset_filler {
      type: "gaussian"
      std: 0.5
    }
  }
}
layer {
  name: "drop1_c"
  type: "Dropout"
  bottom: "conv1"
  top: "conv1"
  dropout_param {
    dropout_ratio: 0.25
  }
}
layer {
  name: "pool1"
  type: "Pooling"
  bottom: "conv1"
  top: "pool1"
  pooling_param {
    pool: MAX
    kernel_size: 3
    stride: 2
  }
}
layer {
  name: "drop1"
  type: "Dropout"
  bottom: "pool1"
  top: "pool1_d"
  dropout_param {
    dropout_ratio: 0.25
  }
}
layer {
  name: "conv2"
  type: "Convolution"
  bottom: "pool1_d"
  top: "conv2"
  convolution_param {
    num_output: 128
    pad: 2
    kernel_size: 5
    weight_filler {
      type: "gaussian"
      std: 0.01
    }
    bias_filler {
      type: "constant"
    }
  }
}
layer {
  name: "apl2"
  type: "APL"
  bottom: "conv2"
  top: "conv2"
  apl_param {
    sums: 5
    slope_filler {
      type: "uniform"
      min: -0.5
      max: 0.5
    }
    offset_filler {
      type: "gaussian"
      std: 0.5
    }
  }
}
layer {
  name: "drop2_c"
  type: "Dropout"
  bottom: "conv2"
  top: "conv2"
  dropout_param {
    dropout_ratio: 0.25
  }
}
layer {
  name: "pool2"
  type: "Pooling"
  bottom: "conv2"
  top: "pool2"
  pooling_param {
    pool: AVE
    kernel_size: 3
    stride: 2
  }
}
layer {
  name: "drop2"
  type: "Dropout"
  bottom: "pool2"
  top: "pool2_d"
  dropout_param {
    dropout_ratio: 0.25
  }
}
layer {
  name: "conv3"
  type: "Convolution"
  bottom: "pool2_d"
  top: "conv3"
  convolution_param {
    num_output: 256
    pad: 2
    kernel_size: 5
    weight_filler {
      type: "gaussian"
      std: 0.01
    }
    bias_filler {
      type: "constant"
    }
  }
}
layer {
  name: "apl3"
  type: "APL"
  bottom: "conv3"
  top: "conv3"
  apl_param {
    sums: 5
    slope_filler {
      type: "uniform"
      min: -0.5
      max: 0.5
    }
    offset_filler {
      type: "gaussian"
      std: 0.5
    }
  }
}
layer {
  name: "drop3_c"
  type: "Dropout"
  bottom: "conv3"
  top: "conv3"
  dropout_param {
    dropout_ratio: 0.25
  }
}
layer {
  name: "pool3"
  type: "Pooling"
  bottom: "conv3"
  top: "pool3"
  pooling_param {
    pool: AVE
    kernel_size: 3
    stride: 2
  }
}
layer {
  name: "drop3"
  type: "Dropout"
  bottom: "pool3"
  top: "pool3_d"
  dropout_param {
    dropout_ratio: 0.5
  }
}
layer {
  name: "ip1"
  type: "InnerProduct"
  bottom: "pool3_d"
  top: "ip1"
  inner_product_param {
    num_output: 2048
    weight_filler {
      type: "gaussian"
      std: 0.01
    }
    bias_filler {
      type: "constant"
    }
  }
}
layer {
  name: "apl4"
  type: "APL"
  bottom: "ip1"
  top: "ip1"
  apl_param {
    sums: 5
    slope_filler {
      type: "uniform"
      min: -0.5
      max: 0.5
    }
    offset_filler {
      type: "gaussian"
      std: 0.5
    }
  }
}
layer {
  name: "dropip1"
  type: "Dropout"
  bottom: "ip1"
  top: "ip1"
  dropout_param {
    dropout_ratio: 0.5
  }
}
layer {
  name: "ip2"
  type: "InnerProduct"
  bottom: "ip1"
  top: "ip2"
  inner_product_param {
    num_output: 2048
    weight_filler {
      type: "gaussian"
      std: 0.01
    }
    bias_filler {
      type: "constant"
    }
  }
}
layer {
  name: "apl5"
  type: "APL"
  bottom: "ip2"
  top: "ip2"
  apl_param {
    sums: 5
    slope_filler {
      type: "uniform"
      min: -0.5
      max: 0.5
    }
    offset_filler {
      type: "gaussian"
      std: 0.5
    }
  }
}
layer {
  name: "dropip2"
  type: "Dropout"
  bottom: "ip2"
  top: "ip2"
  dropout_param {
    dropout_ratio: 0.5
  }
}
layer {
  name: "ip3"
  type: "InnerProduct"
  bottom: "ip2"
  top: "ip3"
  inner_product_param {
    num_output: 10
    weight_filler {
      type: "gaussian"
      std: 0.01
    }
    bias_filler {
      type: "constant"
    }
  }
}
layer {
  name: "accuracy"
  type: "Accuracy"
  bottom: "ip3"
  bottom: "label"
  top: "accuracy"
}
layer {
  name: "loss"
  type: "SoftmaxWithLoss"
  bottom: "ip3"
  bottom: "label"
  top: "loss"
}
I0217 17:08:29.641754  7932 layer_factory.hpp:77] Creating layer cifar
I0217 17:08:29.641846  7932 net.cpp:100] Creating Layer cifar
I0217 17:08:29.641854  7932 net.cpp:408] cifar -> data
I0217 17:08:29.641861  7932 net.cpp:408] cifar -> label
I0217 17:08:29.641868  7932 data_transformer.cpp:25] Loading mean file from: examples/cifar10/mean.binaryproto
I0217 17:08:29.641911  7951 db_lmdb.cpp:35] Opened lmdb examples/cifar10/cifar10_test_lmdb
I0217 17:08:29.641949  7932 data_layer.cpp:41] output data size: 100,3,32,32
I0217 17:08:29.645035  7932 net.cpp:150] Setting up cifar
I0217 17:08:29.645052  7932 net.cpp:157] Top shape: 100 3 32 32 (307200)
I0217 17:08:29.645057  7932 net.cpp:157] Top shape: 100 (100)
I0217 17:08:29.645061  7932 net.cpp:165] Memory required for data: 1229200
I0217 17:08:29.645066  7932 layer_factory.hpp:77] Creating layer label_cifar_1_split
I0217 17:08:29.645084  7932 net.cpp:100] Creating Layer label_cifar_1_split
I0217 17:08:29.645089  7932 net.cpp:434] label_cifar_1_split <- label
I0217 17:08:29.645094  7932 net.cpp:408] label_cifar_1_split -> label_cifar_1_split_0
I0217 17:08:29.645100  7932 net.cpp:408] label_cifar_1_split -> label_cifar_1_split_1
I0217 17:08:29.645107  7932 net.cpp:150] Setting up label_cifar_1_split
I0217 17:08:29.645112  7932 net.cpp:157] Top shape: 100 (100)
I0217 17:08:29.645115  7932 net.cpp:157] Top shape: 100 (100)
I0217 17:08:29.645119  7932 net.cpp:165] Memory required for data: 1230000
I0217 17:08:29.645123  7932 layer_factory.hpp:77] Creating layer conv1
I0217 17:08:29.645130  7932 net.cpp:100] Creating Layer conv1
I0217 17:08:29.645134  7932 net.cpp:434] conv1 <- data
I0217 17:08:29.645140  7932 net.cpp:408] conv1 -> conv1
I0217 17:08:29.645349  7932 net.cpp:150] Setting up conv1
I0217 17:08:29.645359  7932 net.cpp:157] Top shape: 100 96 32 32 (9830400)
I0217 17:08:29.645362  7932 net.cpp:165] Memory required for data: 40551600
I0217 17:08:29.645371  7932 layer_factory.hpp:77] Creating layer apl1
I0217 17:08:29.645380  7932 net.cpp:100] Creating Layer apl1
I0217 17:08:29.645393  7932 net.cpp:434] apl1 <- conv1
I0217 17:08:29.645398  7932 net.cpp:395] apl1 -> conv1 (in-place)
I0217 17:08:29.664132  7932 apl_layer.cpp:96]  Sums: 5
I0217 17:08:29.664140  7932 net.cpp:150] Setting up apl1
I0217 17:08:29.664145  7932 net.cpp:157] Top shape: 100 96 32 32 (9830400)
I0217 17:08:29.664149  7932 net.cpp:165] Memory required for data: 79873200
I0217 17:08:29.664157  7932 layer_factory.hpp:77] Creating layer drop1_c
I0217 17:08:29.664175  7932 net.cpp:100] Creating Layer drop1_c
I0217 17:08:29.664178  7932 net.cpp:434] drop1_c <- conv1
I0217 17:08:29.664183  7932 net.cpp:395] drop1_c -> conv1 (in-place)
I0217 17:08:29.664189  7932 net.cpp:150] Setting up drop1_c
I0217 17:08:29.664193  7932 net.cpp:157] Top shape: 100 96 32 32 (9830400)
I0217 17:08:29.664196  7932 net.cpp:165] Memory required for data: 119194800
I0217 17:08:29.664199  7932 layer_factory.hpp:77] Creating layer pool1
I0217 17:08:29.664206  7932 net.cpp:100] Creating Layer pool1
I0217 17:08:29.664218  7932 net.cpp:434] pool1 <- conv1
I0217 17:08:29.664223  7932 net.cpp:408] pool1 -> pool1
I0217 17:08:29.664230  7932 net.cpp:150] Setting up pool1
I0217 17:08:29.664234  7932 net.cpp:157] Top shape: 100 96 16 16 (2457600)
I0217 17:08:29.664237  7932 net.cpp:165] Memory required for data: 129025200
I0217 17:08:29.664240  7932 layer_factory.hpp:77] Creating layer drop1
I0217 17:08:29.664247  7932 net.cpp:100] Creating Layer drop1
I0217 17:08:29.664250  7932 net.cpp:434] drop1 <- pool1
I0217 17:08:29.664254  7932 net.cpp:408] drop1 -> pool1_d
I0217 17:08:29.664259  7932 net.cpp:150] Setting up drop1
I0217 17:08:29.664263  7932 net.cpp:157] Top shape: 100 96 16 16 (2457600)
I0217 17:08:29.664266  7932 net.cpp:165] Memory required for data: 138855600
I0217 17:08:29.664270  7932 layer_factory.hpp:77] Creating layer conv2
I0217 17:08:29.664285  7932 net.cpp:100] Creating Layer conv2
I0217 17:08:29.664290  7932 net.cpp:434] conv2 <- pool1_d
I0217 17:08:29.664297  7932 net.cpp:408] conv2 -> conv2
I0217 17:08:29.672467  7932 net.cpp:150] Setting up conv2
I0217 17:08:29.672483  7932 net.cpp:157] Top shape: 100 128 16 16 (3276800)
I0217 17:08:29.672487  7932 net.cpp:165] Memory required for data: 151962800
I0217 17:08:29.672493  7932 layer_factory.hpp:77] Creating layer apl2
I0217 17:08:29.672500  7932 net.cpp:100] Creating Layer apl2
I0217 17:08:29.672504  7932 net.cpp:434] apl2 <- conv2
I0217 17:08:29.672508  7932 net.cpp:395] apl2 -> conv2 (in-place)
I0217 17:08:29.678027  7932 apl_layer.cpp:96]  Sums: 5
I0217 17:08:29.678035  7932 net.cpp:150] Setting up apl2
I0217 17:08:29.678040  7932 net.cpp:157] Top shape: 100 128 16 16 (3276800)
I0217 17:08:29.678042  7932 net.cpp:165] Memory required for data: 165070000
I0217 17:08:29.678048  7932 layer_factory.hpp:77] Creating layer drop2_c
I0217 17:08:29.678066  7932 net.cpp:100] Creating Layer drop2_c
I0217 17:08:29.678068  7932 net.cpp:434] drop2_c <- conv2
I0217 17:08:29.678073  7932 net.cpp:395] drop2_c -> conv2 (in-place)
I0217 17:08:29.678079  7932 net.cpp:150] Setting up drop2_c
I0217 17:08:29.678083  7932 net.cpp:157] Top shape: 100 128 16 16 (3276800)
I0217 17:08:29.678086  7932 net.cpp:165] Memory required for data: 178177200
I0217 17:08:29.678089  7932 layer_factory.hpp:77] Creating layer pool2
I0217 17:08:29.678094  7932 net.cpp:100] Creating Layer pool2
I0217 17:08:29.678097  7932 net.cpp:434] pool2 <- conv2
I0217 17:08:29.678102  7932 net.cpp:408] pool2 -> pool2
I0217 17:08:29.678118  7932 net.cpp:150] Setting up pool2
I0217 17:08:29.678125  7932 net.cpp:157] Top shape: 100 128 8 8 (819200)
I0217 17:08:29.678128  7932 net.cpp:165] Memory required for data: 181454000
I0217 17:08:29.678131  7932 layer_factory.hpp:77] Creating layer drop2
I0217 17:08:29.678135  7932 net.cpp:100] Creating Layer drop2
I0217 17:08:29.678139  7932 net.cpp:434] drop2 <- pool2
I0217 17:08:29.678143  7932 net.cpp:408] drop2 -> pool2_d
I0217 17:08:29.678148  7932 net.cpp:150] Setting up drop2
I0217 17:08:29.678153  7932 net.cpp:157] Top shape: 100 128 8 8 (819200)
I0217 17:08:29.678155  7932 net.cpp:165] Memory required for data: 184730800
I0217 17:08:29.678170  7932 layer_factory.hpp:77] Creating layer conv3
I0217 17:08:29.678187  7932 net.cpp:100] Creating Layer conv3
I0217 17:08:29.678192  7932 net.cpp:434] conv3 <- pool2_d
I0217 17:08:29.678197  7932 net.cpp:408] conv3 -> conv3
I0217 17:08:29.700009  7932 net.cpp:150] Setting up conv3
I0217 17:08:29.700026  7932 net.cpp:157] Top shape: 100 256 8 8 (1638400)
I0217 17:08:29.700029  7932 net.cpp:165] Memory required for data: 191284400
I0217 17:08:29.700037  7932 layer_factory.hpp:77] Creating layer apl3
I0217 17:08:29.700053  7932 net.cpp:100] Creating Layer apl3
I0217 17:08:29.700057  7932 net.cpp:434] apl3 <- conv3
I0217 17:08:29.700062  7932 net.cpp:395] apl3 -> conv3 (in-place)
I0217 17:08:29.702873  7932 apl_layer.cpp:96]  Sums: 5
I0217 17:08:29.702883  7932 net.cpp:150] Setting up apl3
I0217 17:08:29.702886  7932 net.cpp:157] Top shape: 100 256 8 8 (1638400)
I0217 17:08:29.702890  7932 net.cpp:165] Memory required for data: 197838000
I0217 17:08:29.702896  7932 layer_factory.hpp:77] Creating layer drop3_c
I0217 17:08:29.702903  7932 net.cpp:100] Creating Layer drop3_c
I0217 17:08:29.702905  7932 net.cpp:434] drop3_c <- conv3
I0217 17:08:29.702913  7932 net.cpp:395] drop3_c -> conv3 (in-place)
I0217 17:08:29.702917  7932 net.cpp:150] Setting up drop3_c
I0217 17:08:29.702922  7932 net.cpp:157] Top shape: 100 256 8 8 (1638400)
I0217 17:08:29.702926  7932 net.cpp:165] Memory required for data: 204391600
I0217 17:08:29.702929  7932 layer_factory.hpp:77] Creating layer pool3
I0217 17:08:29.702934  7932 net.cpp:100] Creating Layer pool3
I0217 17:08:29.702937  7932 net.cpp:434] pool3 <- conv3
I0217 17:08:29.702941  7932 net.cpp:408] pool3 -> pool3
I0217 17:08:29.702946  7932 net.cpp:150] Setting up pool3
I0217 17:08:29.702951  7932 net.cpp:157] Top shape: 100 256 4 4 (409600)
I0217 17:08:29.702955  7932 net.cpp:165] Memory required for data: 206030000
I0217 17:08:29.702957  7932 layer_factory.hpp:77] Creating layer drop3
I0217 17:08:29.702962  7932 net.cpp:100] Creating Layer drop3
I0217 17:08:29.702966  7932 net.cpp:434] drop3 <- pool3
I0217 17:08:29.702971  7932 net.cpp:408] drop3 -> pool3_d
I0217 17:08:29.702976  7932 net.cpp:150] Setting up drop3
I0217 17:08:29.702980  7932 net.cpp:157] Top shape: 100 256 4 4 (409600)
I0217 17:08:29.702983  7932 net.cpp:165] Memory required for data: 207668400
I0217 17:08:29.702987  7932 layer_factory.hpp:77] Creating layer ip1
I0217 17:08:29.703002  7932 net.cpp:100] Creating Layer ip1
I0217 17:08:29.703006  7932 net.cpp:434] ip1 <- pool3_d
I0217 17:08:29.703011  7932 net.cpp:408] ip1 -> ip1
I0217 17:08:29.922134  7932 net.cpp:150] Setting up ip1
I0217 17:08:29.922171  7932 net.cpp:157] Top shape: 100 2048 (204800)
I0217 17:08:29.922175  7932 net.cpp:165] Memory required for data: 208487600
I0217 17:08:29.922193  7932 layer_factory.hpp:77] Creating layer apl4
I0217 17:08:29.922202  7932 net.cpp:100] Creating Layer apl4
I0217 17:08:29.922209  7932 net.cpp:434] apl4 <- ip1
I0217 17:08:29.922215  7932 net.cpp:395] apl4 -> ip1 (in-place)
I0217 17:08:29.922587  7932 apl_layer.cpp:96]  Sums: 5
I0217 17:08:29.922595  7932 net.cpp:150] Setting up apl4
I0217 17:08:29.922600  7932 net.cpp:157] Top shape: 100 2048 (204800)
I0217 17:08:29.922602  7932 net.cpp:165] Memory required for data: 209306800
I0217 17:08:29.922608  7932 layer_factory.hpp:77] Creating layer dropip1
I0217 17:08:29.922622  7932 net.cpp:100] Creating Layer dropip1
I0217 17:08:29.922626  7932 net.cpp:434] dropip1 <- ip1
I0217 17:08:29.922631  7932 net.cpp:395] dropip1 -> ip1 (in-place)
I0217 17:08:29.922636  7932 net.cpp:150] Setting up dropip1
I0217 17:08:29.922641  7932 net.cpp:157] Top shape: 100 2048 (204800)
I0217 17:08:29.922644  7932 net.cpp:165] Memory required for data: 210126000
I0217 17:08:29.922647  7932 layer_factory.hpp:77] Creating layer ip2
I0217 17:08:29.922653  7932 net.cpp:100] Creating Layer ip2
I0217 17:08:29.922657  7932 net.cpp:434] ip2 <- ip1
I0217 17:08:29.922660  7932 net.cpp:408] ip2 -> ip2
I0217 17:08:30.028061  7932 net.cpp:150] Setting up ip2
I0217 17:08:30.028131  7932 net.cpp:157] Top shape: 100 2048 (204800)
I0217 17:08:30.028136  7932 net.cpp:165] Memory required for data: 210945200
I0217 17:08:30.028157  7932 layer_factory.hpp:77] Creating layer apl5
I0217 17:08:30.028177  7932 net.cpp:100] Creating Layer apl5
I0217 17:08:30.028182  7932 net.cpp:434] apl5 <- ip2
I0217 17:08:30.028198  7932 net.cpp:395] apl5 -> ip2 (in-place)
I0217 17:08:30.028564  7932 apl_layer.cpp:96]  Sums: 5
I0217 17:08:30.028571  7932 net.cpp:150] Setting up apl5
I0217 17:08:30.028576  7932 net.cpp:157] Top shape: 100 2048 (204800)
I0217 17:08:30.028580  7932 net.cpp:165] Memory required for data: 211764400
I0217 17:08:30.028585  7932 layer_factory.hpp:77] Creating layer dropip2
I0217 17:08:30.028592  7932 net.cpp:100] Creating Layer dropip2
I0217 17:08:30.028595  7932 net.cpp:434] dropip2 <- ip2
I0217 17:08:30.028599  7932 net.cpp:395] dropip2 -> ip2 (in-place)
I0217 17:08:30.028606  7932 net.cpp:150] Setting up dropip2
I0217 17:08:30.028610  7932 net.cpp:157] Top shape: 100 2048 (204800)
I0217 17:08:30.028614  7932 net.cpp:165] Memory required for data: 212583600
I0217 17:08:30.028616  7932 layer_factory.hpp:77] Creating layer ip3
I0217 17:08:30.028635  7932 net.cpp:100] Creating Layer ip3
I0217 17:08:30.028642  7932 net.cpp:434] ip3 <- ip2
I0217 17:08:30.028648  7932 net.cpp:408] ip3 -> ip3
I0217 17:08:30.029217  7932 net.cpp:150] Setting up ip3
I0217 17:08:30.029224  7932 net.cpp:157] Top shape: 100 10 (1000)
I0217 17:08:30.029247  7932 net.cpp:165] Memory required for data: 212587600
I0217 17:08:30.029253  7932 layer_factory.hpp:77] Creating layer ip3_ip3_0_split
I0217 17:08:30.029268  7932 net.cpp:100] Creating Layer ip3_ip3_0_split
I0217 17:08:30.029270  7932 net.cpp:434] ip3_ip3_0_split <- ip3
I0217 17:08:30.029274  7932 net.cpp:408] ip3_ip3_0_split -> ip3_ip3_0_split_0
I0217 17:08:30.029283  7932 net.cpp:408] ip3_ip3_0_split -> ip3_ip3_0_split_1
I0217 17:08:30.029289  7932 net.cpp:150] Setting up ip3_ip3_0_split
I0217 17:08:30.029297  7932 net.cpp:157] Top shape: 100 10 (1000)
I0217 17:08:30.029301  7932 net.cpp:157] Top shape: 100 10 (1000)
I0217 17:08:30.029304  7932 net.cpp:165] Memory required for data: 212595600
I0217 17:08:30.029307  7932 layer_factory.hpp:77] Creating layer accuracy
I0217 17:08:30.029312  7932 net.cpp:100] Creating Layer accuracy
I0217 17:08:30.029316  7932 net.cpp:434] accuracy <- ip3_ip3_0_split_0
I0217 17:08:30.029320  7932 net.cpp:434] accuracy <- label_cifar_1_split_0
I0217 17:08:30.029325  7932 net.cpp:408] accuracy -> accuracy
I0217 17:08:30.029330  7932 net.cpp:150] Setting up accuracy
I0217 17:08:30.029335  7932 net.cpp:157] Top shape: (1)
I0217 17:08:30.029337  7932 net.cpp:165] Memory required for data: 212595604
I0217 17:08:30.029340  7932 layer_factory.hpp:77] Creating layer loss
I0217 17:08:30.029346  7932 net.cpp:100] Creating Layer loss
I0217 17:08:30.029350  7932 net.cpp:434] loss <- ip3_ip3_0_split_1
I0217 17:08:30.029355  7932 net.cpp:434] loss <- label_cifar_1_split_1
I0217 17:08:30.029359  7932 net.cpp:408] loss -> loss
I0217 17:08:30.029366  7932 layer_factory.hpp:77] Creating layer loss
I0217 17:08:30.029386  7932 net.cpp:150] Setting up loss
I0217 17:08:30.029392  7932 net.cpp:157] Top shape: (1)
I0217 17:08:30.029395  7932 net.cpp:160]     with loss weight 1
I0217 17:08:30.029403  7932 net.cpp:165] Memory required for data: 212595608
I0217 17:08:30.029407  7932 net.cpp:226] loss needs backward computation.
I0217 17:08:30.029412  7932 net.cpp:228] accuracy does not need backward computation.
I0217 17:08:30.029415  7932 net.cpp:226] ip3_ip3_0_split needs backward computation.
I0217 17:08:30.029418  7932 net.cpp:226] ip3 needs backward computation.
I0217 17:08:30.029422  7932 net.cpp:226] dropip2 needs backward computation.
I0217 17:08:30.029425  7932 net.cpp:226] apl5 needs backward computation.
I0217 17:08:30.029428  7932 net.cpp:226] ip2 needs backward computation.
I0217 17:08:30.029431  7932 net.cpp:226] dropip1 needs backward computation.
I0217 17:08:30.029434  7932 net.cpp:226] apl4 needs backward computation.
I0217 17:08:30.029455  7932 net.cpp:226] ip1 needs backward computation.
I0217 17:08:30.029461  7932 net.cpp:226] drop3 needs backward computation.
I0217 17:08:30.029466  7932 net.cpp:226] pool3 needs backward computation.
I0217 17:08:30.029471  7932 net.cpp:226] drop3_c needs backward computation.
I0217 17:08:30.029476  7932 net.cpp:226] apl3 needs backward computation.
I0217 17:08:30.029481  7932 net.cpp:226] conv3 needs backward computation.
I0217 17:08:30.029487  7932 net.cpp:226] drop2 needs backward computation.
I0217 17:08:30.029492  7932 net.cpp:226] pool2 needs backward computation.
I0217 17:08:30.029497  7932 net.cpp:226] drop2_c needs backward computation.
I0217 17:08:30.029506  7932 net.cpp:226] apl2 needs backward computation.
I0217 17:08:30.029511  7932 net.cpp:226] conv2 needs backward computation.
I0217 17:08:30.029517  7932 net.cpp:226] drop1 needs backward computation.
I0217 17:08:30.029525  7932 net.cpp:226] pool1 needs backward computation.
I0217 17:08:30.029530  7932 net.cpp:226] drop1_c needs backward computation.
I0217 17:08:30.029536  7932 net.cpp:226] apl1 needs backward computation.
I0217 17:08:30.029539  7932 net.cpp:226] conv1 needs backward computation.
I0217 17:08:30.029546  7932 net.cpp:228] label_cifar_1_split does not need backward computation.
I0217 17:08:30.029553  7932 net.cpp:228] cifar does not need backward computation.
I0217 17:08:30.029558  7932 net.cpp:270] This network produces output accuracy
I0217 17:08:30.029563  7932 net.cpp:270] This network produces output loss
I0217 17:08:30.029589  7932 net.cpp:283] Network initialization done.
I0217 17:08:30.029741  7932 solver.cpp:64] Solver scaffolding done.
I0217 17:08:30.029811  7932 caffe.cpp:251] Starting Optimization
I0217 17:08:30.029824  7932 solver.cpp:289] Solving CIFAR10_full
I0217 17:08:30.029830  7932 solver.cpp:290] Learning Rate Policy: preset
I0217 17:08:30.044697  7932 solver.cpp:347] Iteration 0, Testing net (#0)
